<?xml version="1.0" encoding="UTF-8"?>
<persistence xmlns:xsi="http://www.w3.org/2001/XMLSchema-instance" version="2.0"
             xmlns="http://java.sun.com/xml/ns/persistence"
             xsi:schemaLocation="http://java.sun.com/xml/ns/persistence http://java.sun.com/xml/ns/persistence/persistence_2_0.xsd">
    <persistence-unit name="test">
        <jta-data-source>testDatabase</jta-data-source>
        <class>com.cortez.samples.javaee7angular.data.Person</class>
        <properties>
            <property name="openjpa.jdbc.SynchronizeMappings" value="buildSchema(ForeignKeys=true)"/>
            <property name="openjpa.Log" value="DefaultLevel=ERROR, SQL=TRACE"/>
        </properties>
    </persistence-unit>
</persistence>